<?xml version="1.0" encoding="UTF-8"?>
<testng-results skipped="0" failed="0" ignored="0" total="1" passed="1">
  <reporter-output>
  </reporter-output>
  <suite name="Default suite" duration-ms="161638" started-at="2019-04-21T13:48:12Z" finished-at="2019-04-21T13:50:54Z">
    <groups>
    </groups>
    <test name="Default test" duration-ms="161638" started-at="2019-04-21T13:48:12Z" finished-at="2019-04-21T13:50:54Z">
      <class name="Checkout.CheckOutUser">
        <test-method status="PASS" signature="setup()[pri:0, instance:Checkout.CheckOutUser@cb644e]" name="setup" is-config="true" duration-ms="23376" started-at="2019-04-21T13:48:12Z" finished-at="2019-04-21T13:48:36Z">
          <reporter-output>
          </reporter-output>
        </test-method> <!-- setup -->
        <test-method status="PASS" signature="userChkOut()[pri:0, instance:Checkout.CheckOutUser@cb644e]" name="userChkOut" duration-ms="137899" started-at="2019-04-21T13:48:36Z" finished-at="2019-04-21T13:50:54Z">
          <reporter-output>
          </reporter-output>
        </test-method> <!-- userChkOut -->
        <test-method status="PASS" signature="tearDown()[pri:0, instance:Checkout.CheckOutUser@cb644e]" name="tearDown" is-config="true" duration-ms="294" started-at="2019-04-21T13:50:54Z" finished-at="2019-04-21T13:50:54Z">
          <reporter-output>
          </reporter-output>
        </test-method> <!-- tearDown -->
      </class> <!-- Checkout.CheckOutUser -->
    </test> <!-- Default test -->
  </suite> <!-- Default suite -->
</testng-results>
